                 160
                   0        0.5015076896        0.0017397165        0.0034689727
                   1        0.4467077805        0.0014490922        0.0032439377
                   2        0.4011812617        0.0016934584        0.0042211803
                   3        0.3614141217        0.0013480487        0.0037299283
                   4        0.3272776560        0.0015956828        0.0048756240
                   5        0.2977495970        0.0017076730        0.0057352656
                   6        0.2714637423        0.0013045919        0.0048057684
                   7        0.2481651087        0.0014254336        0.0057438920
                   8        0.2288013674        0.0013776263        0.0060210581
                   9        0.2112697019        0.0014832392        0.0070205957
                  10        0.1957920292        0.0014398601        0.0073540281
                  11        0.1806920010        0.0013389529        0.0074101392
                  12        0.1686260548        0.0014339861        0.0085039415
                  13        0.1568017265        0.0015917823        0.0101515612
                  14        0.1467262781        0.0015412276        0.0105041008
                  15        0.1355397443        0.0014134272        0.0104281380
                  16        0.1282064231        0.0015580932        0.0121530040
                  17        0.1206140483        0.0018700338        0.0155042788
                  18        0.1126918618        0.0019813538        0.0175820488
                  19        0.1048792164        0.0017604140        0.0167851557
                  20        0.0987887890        0.0018502563        0.0187294159
                  21        0.0928749065        0.0017143450        0.0184586460
                  22        0.0872019410        0.0015820651        0.0181425446
                  23        0.0823182045        0.0015188958        0.0184515174
                  24        0.0778333853        0.0015879549        0.0204019770
                  25        0.0745031003        0.0016569785        0.0222403960
                  26        0.0705108281        0.0017084799        0.0242300362
                  27        0.0667439457        0.0015515993        0.0232470420
                  28        0.0630540111        0.0016750074        0.0265646447
                  29        0.0597581941        0.0019097444        0.0319578664
                  30        0.0564624601        0.0017186355        0.0304385521
                  31        0.0536226542        0.0017069096        0.0318318750
                  32        0.0515011843        0.0018748689        0.0364043847
                  33        0.0480355227        0.0017902322        0.0372689221
                  34        0.0459178702        0.0017190381        0.0374372348
                  35        0.0438259213        0.0016723313        0.0381584973
                  36        0.0420501639        0.0015631728        0.0371740002
                  37        0.0398563239        0.0017856882        0.0448031346
                  38        0.0386023894        0.0015740706        0.0407765061
                  39        0.0377987436        0.0016137450        0.0426930867
                  40        0.0360137978        0.0014381553        0.0399334525
                  41        0.0347419913        0.0016075970        0.0462724478
                  42        0.0335708703        0.0014291951        0.0425724768
                  43        0.0312169823        0.0012897526        0.0413157362
                  44        0.0303040958        0.0012959551        0.0427650134
                  45        0.0287973774        0.0012870030        0.0446916726
                  46        0.0273790959        0.0013048003        0.0476568058
                  47        0.0257463014        0.0011312586        0.0439386835
                  48        0.0246735660        0.0009840350        0.0398821545
                  49        0.0237164969        0.0010406724        0.0438796849
                  50        0.0232337670        0.0010737223        0.0462138727
                  51        0.0221864874        0.0010366287        0.0467234274
                  52        0.0212995306        0.0014832797        0.0696390802
                  53        0.0209891532        0.0010861158        0.0517465256
                  54        0.0209975586        0.0011468293        0.0546172688
                  55        0.0207694198        0.0013601619        0.0654886805
                  56        0.0201714552        0.0013007261        0.0644835019
                  57        0.0196597048        0.0011489935        0.0584440892
                  58        0.0200213479        0.0011592845        0.0579024191
                  59        0.0195538358        0.0012799495        0.0654577181
                  60        0.0188904565        0.0011831213        0.0626306361
                  61        0.0176763594        0.0011508555        0.0651070410
                  62        0.0170170423        0.0011881403        0.0698206112
                  63        0.0169049865        0.0010611432        0.0627710170
                  64        0.0163950624        0.0010627467        0.0648211430
                  65        0.0160341106        0.0010032288        0.0625684111
                  66        0.0154635320        0.0010528714        0.0680873840
                  67        0.0147951183        0.0010637397        0.0718980206
                  68        0.0147008599        0.0010259851        0.0697908257
                  69        0.0135122165        0.0009965722        0.0737534221
                  70        0.0139944393        0.0011933574        0.0852736809
                  71        0.0139112145        0.0011101107        0.0797996986
                  72        0.0136209365        0.0010890281        0.0799525148
                  73        0.0134044885        0.0010802563        0.0805891481
                  74        0.0141503494        0.0010890772        0.0769646848
                  75        0.0143270852        0.0011822332        0.0825173548
                  76        0.0135102567        0.0012067747        0.0893228521
                  77        0.0126148426        0.0011822004        0.0937150337
                  78        0.0128047331        0.0010201801        0.0796721120
                  79        0.0129064476        0.0011260278        0.0872453731
                  80        0.0125938690        0.0010123990        0.0803882431
                  81        0.0131232290        0.0010636148        0.0810482519
                  82        0.0140522427        0.0012135736        0.0863615598
                  83        0.0144173886        0.0011290842        0.0783140544
                  84        0.0142068338        0.0011032148        0.0776538131
                  85        0.0146956016        0.0009901009        0.0673739596
                  86        0.0155092121        0.0011277776        0.0727166256
                  87        0.0162837889        0.0012361998        0.0759159804
                  88        0.0158585170        0.0013501836        0.0851393346
                  89        0.0157300257        0.0012227208        0.0777316477
                  90        0.0166017445        0.0013381202        0.0806011827
                  91        0.0162212053        0.0009116561        0.0562015046
                  92        0.0158781026        0.0007077883        0.0445763768
                  93        0.0172289003        0.0009593969        0.0556853225
                  94        0.0177341952        0.0010004534        0.0564138009
                  95        0.0181145360        0.0013805968        0.0762148564
                  96        0.0188229549        0.0014927209        0.0793032199
                  97        0.0188495698        0.0016740440        0.0888107249
                  98        0.0186181879        0.0016323972        0.0876775545
                  99        0.0187794095        0.0015951951        0.0849438365
                 100        0.0193863199        0.0015471447        0.0798060027
                 101        0.0204483533        0.0017440950        0.0852926888
                 102        0.0198953872        0.0014898189        0.0748826267
                 103        0.0211478939        0.0017711695        0.0837515808
                 104        0.0217160672        0.0014423887        0.0664203462
                 105        0.0228763873        0.0013577979        0.0593536839
                 106        0.0235172109        0.0012534407        0.0532988686
                 107        0.0239871615        0.0012135216        0.0505904629
                 108        0.0240796927        0.0010656844        0.0442565595
                 109        0.0258235811        0.0010418592        0.0403452644
                 110        0.0259310382        0.0009438281        0.0363976219
                 111        0.0274803046        0.0010447676        0.0380187787
                 112        0.0282142074        0.0011766058        0.0417026007
                 113        0.0278663890        0.0015229098        0.0546504180
                 114        0.0281288648        0.0024217783        0.0860958434
                 115        0.0304985094        0.0013482280        0.0442063583
                 116        0.0326984879        0.0010842727        0.0331597200
                 117        0.0342467584        0.0009797498        0.0286085418
                 118        0.0355489525        0.0008083330        0.0227385892
                 119        0.0366565084        0.0008196712        0.0223608635
                 120        0.0378269782        0.0008630726        0.0228163238
                 121        0.0392722713        0.0009235982        0.0235178196
                 122        0.0412434689        0.0008933267        0.0216598350
                 123        0.0429876614        0.0009777782        0.0227455552
                 124        0.0451491673        0.0011718179        0.0259543642
                 125        0.0480485621        0.0013990387        0.0291171807
                 126        0.0508971337        0.0016214776        0.0318579357
                 127        0.0527486619        0.0015792067        0.0299383269
                 128        0.0550753503        0.0015483566        0.0281134221
                 129        0.0577884624        0.0013780617        0.0238466584
                 130        0.0607335145        0.0015894254        0.0261704828
                 131        0.0637449226        0.0015288150        0.0239833223
                 132        0.0670000119        0.0013992508        0.0208843369
                 133        0.0704985015        0.0015044028        0.0213395009
                 134        0.0743635843        0.0016570778        0.0222834573
                 135        0.0780423042        0.0017162199        0.0219908917
                 136        0.0815570765        0.0018722740        0.0229566104
                 137        0.0860443992        0.0019959025        0.0231961932
                 138        0.0898411455        0.0016686668        0.0185735256
                 139        0.0950484629        0.0013747708        0.0144638930
                 140        0.1005170648        0.0013792484        0.0137215344
                 141        0.1064157893        0.0014552787        0.0136754022
                 142        0.1137929542        0.0015755527        0.0138457842
                 143        0.1205176638        0.0014758342        0.0122457916
                 144        0.1274167362        0.0015273541        0.0119870762
                 145        0.1356787249        0.0017676126        0.0130279278
                 146        0.1450845808        0.0019938361        0.0137425773
                 147        0.1553260428        0.0020517053        0.0132090234
                 148        0.1678619395        0.0019522162        0.0116298918
                 149        0.1813995132        0.0017495513        0.0096447408
                 150        0.1956669857        0.0018618450        0.0095153764
                 151        0.2115783009        0.0018143990        0.0085755437
                 152        0.2278335209        0.0020124821        0.0088331254
                 153        0.2477811264        0.0019361227        0.0078138424
                 154        0.2703712758        0.0020468503        0.0075705168
                 155        0.2971867371        0.0018583780        0.0062532332
                 156        0.3261953302        0.0016775103        0.0051426558
                 157        0.3602643416        0.0013573400        0.0037676223
                 158        0.3992576039        0.0015539379        0.0038920685
                 159        0.4448693206        0.0016944661        0.0038089075
