                 160
                   0        0.0622453630        0.0002328761        0.0037412608
                   1        0.0476243183        0.0002158818        0.0045330164
                   2        0.0367339072        0.0002049516        0.0055793575
                   3        0.0284929295        0.0001886335        0.0066203633
                   4        0.0222567078        0.0001715568        0.0077080940
                   5        0.0174841950        0.0001547256        0.0088494544
                   6        0.0138153922        0.0001379034        0.0099818693
                   7        0.0109912551        0.0001250975        0.0113815492
                   8        0.0088036287        0.0001073968        0.0121991506
                   9        0.0070896751        0.0000978153        0.0137968728
                  10        0.0057385174        0.0000879978        0.0153345869
                  11        0.0046687631        0.0000797119        0.0170734549
                  12        0.0038373011        0.0000710079        0.0185046500
                  13        0.0031737094        0.0000651477        0.0205273118
                  14        0.0026393796        0.0000625110        0.0236839669
                  15        0.0021945093        0.0000596184        0.0271670796
                  16        0.0018382934        0.0000566315        0.0308065368
                  17        0.0015458504        0.0000559389        0.0361865153
                  18        0.0013162476        0.0000522589        0.0397029396
                  19        0.0011288649        0.0000503809        0.0446297094
                  20        0.0009688124        0.0000488515        0.0504240908
                  21        0.0008329048        0.0000454791        0.0546030510
                  22        0.0007229362        0.0000434253        0.0600679127
                  23        0.0006227032        0.0000414880        0.0666256606
                  24        0.0005391679        0.0000410719        0.0761764615
                  25        0.0004644886        0.0000404899        0.0871709678
                  26        0.0003963183        0.0000412774        0.1041521251
                  27        0.0003446244        0.0000379664        0.1101675491
                  28        0.0002983275        0.0000374286        0.1254615376
                  29        0.0002622702        0.0000343301        0.1308961085
                  30        0.0002274086        0.0000332856        0.1463692117
                  31        0.0001976702        0.0000325050        0.1644404968
                  32        0.0001713907        0.0000330656        0.1929255541
                  33        0.0001533857        0.0000334484        0.2180670921
                  34        0.0001304169        0.0000372663        0.2857473380
                  35        0.0001109318        0.0000389773        0.3513628596
                  36        0.0001033415        0.0000341129        0.3300990597
                  37        0.0001047475        0.0000275396        0.2629144856
                  38        0.0001057482        0.0000264150        0.2497914796
                  39        0.0001105050        0.0000267747        0.2422938565
                  40        0.0001086400        0.0000268979        0.2475871911
                  41        0.0001036275        0.0000276920        0.2672268189
                  42        0.0000948461        0.0000271720        0.2864852934
                  43        0.0000861541        0.0000237749        0.2759583159
                  44        0.0000796338        0.0000198869        0.2497298079
                  45        0.0000685965        0.0000178067        0.2595859323
                  46        0.0000557543        0.0000197166        0.3536332348
                  47        0.0000486111        0.0000217588        0.4476094985
                  48        0.0000446138        0.0000228493        0.5121574234
                  49        0.0000442229        0.0000232947        0.5267556199
                  50        0.0000459922        0.0000235427        0.5118840962
                  51        0.0000471651        0.0000241255        0.5115126049
                  52        0.0000475202        0.0000227419        0.4785724341
                  53        0.0000499901        0.0000212995        0.4260745593
                  54        0.0000529244        0.0000193914        0.3663973441
                  55        0.0000521473        0.0000173370        0.3324620272
                  56        0.0000510586        0.0000173403        0.3396162065
                  57        0.0000486565        0.0000154223        0.3169630332
                  58        0.0000475836        0.0000144149        0.3029387878
                  59        0.0000424705        0.0000130373        0.3069732890
                  60        0.0000372366        0.0000124875        0.3353567435
                  61        0.0000337445        0.0000115158        0.3412640334
                  62        0.0000310427        0.0000116070        0.3739054980
                  63        0.0000289003        0.0000119519        0.4135570780
                  64        0.0000291362        0.0000112969        0.3877256383
                  65        0.0000286379        0.0000103897        0.3627960291
                  66        0.0000317278        0.0000087318        0.2752098137
                  67        0.0000347345        0.0000060160        0.1731992986
                  68        0.0000359417        0.0000047083        0.1309982548
                  69        0.0000382840        0.0000050074        0.1307955214
                  70        0.0000389701        0.0000061045        0.1566470556
                  71        0.0000403840        0.0000070577        0.1747643538
                  72        0.0000404593        0.0000077057        0.1904550048
                  73        0.0000428699        0.0000090154        0.2102959853
                  74        0.0000501528        0.0000115079        0.2294570948
                  75        0.0000566261        0.0000138839        0.2451854810
                  76        0.0000585854        0.0000137599        0.2348699719
                  77        0.0000578123        0.0000128317        0.2219537936
                  78        0.0000586182        0.0000129169        0.2203569979
                  79        0.0000587996        0.0000127362        0.2166028143
                  80        0.0000616777        0.0000122835        0.1991566953
                  81        0.0000628112        0.0000124944        0.1989198263
                  82        0.0000648089        0.0000131566        0.2030057411
                  83        0.0000619383        0.0000119894        0.1935695664
                  84        0.0000605557        0.0000115751        0.1911476046
                  85        0.0000596152        0.0000108569        0.1821171318
                  86        0.0000596280        0.0000100639        0.1687781409
                  87        0.0000573006        0.0000083848        0.1463293980
                  88        0.0000566135        0.0000079812        0.1409767559
                  89        0.0000570745        0.0000081715        0.1431726013
                  90        0.0000595652        0.0000086634        0.1454438053
                  91        0.0000607603        0.0000093492        0.1538706254
                  92        0.0000604892        0.0000094892        0.1568742886
                  93        0.0000614421        0.0000096571        0.1571737409
                  94        0.0000602064        0.0000100138        0.1663244917
                  95        0.0000580882        0.0000111472        0.1919009982
                  96        0.0000544403        0.0000127234        0.2337131773
                  97        0.0000518965        0.0000129003        0.2485766051
                  98        0.0000485565        0.0000149716        0.3083345512
                  99        0.0000457830        0.0000164229        0.3587107283
                 100        0.0000418791        0.0000183400        0.4379278908
                 101        0.0000402722        0.0000185970        0.4617831218
                 102        0.0000379031        0.0000195427        0.5155963605
                 103        0.0000363773        0.0000193410        0.5316764897
                 104        0.0000344197        0.0000224000        0.6507896291
                 105        0.0000320084        0.0000250168        0.7815710812
                 106        0.0000313509        0.0000253455        0.8084478067
                 107        0.0000376638        0.0000220422        0.5852356426
                 108        0.0000436272        0.0000200699        0.4600325800
                 109        0.0000510221        0.0000161302        0.3161406592
                 110        0.0000552119        0.0000142507        0.2581092236
                 111        0.0000581446        0.0000136249        0.2343278674
                 112        0.0000610105        0.0000124845        0.2046293938
                 113        0.0000653010        0.0000125209        0.1917413852
                 114        0.0000674702        0.0000129863        0.1924747905
                 115        0.0000705593        0.0000132709        0.1880814206
                 116        0.0000763311        0.0000134721        0.1764961520
                 117        0.0000897987        0.0000147575        0.1643400406
                 118        0.0000960245        0.0000143299        0.1492316055
                 119        0.0001047001        0.0000150844        0.1440720089
                 120        0.0001172693        0.0000151402        0.1291062574
                 121        0.0001275367        0.0000152355        0.1194597108
                 122        0.0001367521        0.0000162118        0.1185490988
                 123        0.0001501617        0.0000172565        0.1149193075
                 124        0.0001584052        0.0000185701        0.1172318428
                 125        0.0001671473        0.0000191672        0.1146725811
                 126        0.0001748989        0.0000216432        0.1237467271
                 127        0.0001868446        0.0000251412        0.1345568573
                 128        0.0002002373        0.0000275499        0.1375863288
                 129        0.0002194478        0.0000295843        0.1348126719
                 130        0.0002445611        0.0000303029        0.1239074615
                 131        0.0002742302        0.0000303931        0.1108306775
                 132        0.0003142390        0.0000310102        0.0986834128
                 133        0.0003596258        0.0000319516        0.0888468649
                 134        0.0004089710        0.0000319282        0.0780696486
                 135        0.0004735266        0.0000316748        0.0668912037
                 136        0.0005512679        0.0000302199        0.0548189498
                 137        0.0006383548        0.0000302546        0.0473945788
                 138        0.0007392601        0.0000309729        0.0418972204
                 139        0.0008624901        0.0000331790        0.0384688597
                 140        0.0010063389        0.0000361161        0.0358886070
                 141        0.0011711594        0.0000416036        0.0355234011
                 142        0.0013688180        0.0000459130        0.0335420493
                 143        0.0016087213        0.0000497781        0.0309426547
                 144        0.0019057941        0.0000519761        0.0272726567
                 145        0.0022690685        0.0000560249        0.0246907050
                 146        0.0027120188        0.0000632674        0.0233285290
                 147        0.0032434782        0.0000740589        0.0228331612
                 148        0.0039117363        0.0000854556        0.0218459423
                 149        0.0047529974        0.0000971370        0.0204369953
                 150        0.0058059243        0.0001117017        0.0192392558
                 151        0.0071559593        0.0001214106        0.0169663609
                 152        0.0088656661        0.0001306628        0.0147380691
                 153        0.0110435586        0.0001385441        0.0125452408
                 154        0.0138454747        0.0001484157        0.0107194372
                 155        0.0174954774        0.0001572630        0.0089887788
                 156        0.0222712407        0.0001651640        0.0074160203
                 157        0.0285146162        0.0001794295        0.0062925439
                 158        0.0367371288        0.0001953870        0.0053185167
                 159        0.0476428055        0.0002095479        0.0043983121
