                  20
                   0        4.8320447182
                   1        3.7808009018
                   2        2.8862663105
                   3        2.5178704672
                   4        3.4432704823
                   5        3.6694676854
                   6        3.3434053773
                   7        3.6694606176
                   8        4.4073523242
                   9        3.8945146210
                  10        5.0216193581
                  11        3.9028397056
                  12        4.8714591356
                  13        4.7296229647
                  14        4.7834227265
                  15        4.5934200453
                  16        1.6981823783
                  17        4.2059559246
                  18        3.8802549134
                  19        3.4733477086
