 Current time : 2021-Oct-28 23:43:16

 Distribute tasks to 24 processors, with the master processor being ca0307.para.bscc. 

 Initialization finished. 

 The simulation is going to get started with parameters shown below : 

           Lattice length 'll'   ->      4
    Imaginary-time length 'lt'   ->     80
    Inverse temperature 'beta'   ->   4.00
      Interaction strength 'U'   ->  -4.00
       Chemical potential 'mu'   ->   0.00
          Lattice momentum 'k'   ->   1.00 pi, 1.00 pi

     Stablization pace 'nwrap'   ->     10
         Number of bins 'nbin'   ->     24
       Sweeps per bin 'nsweep'   ->    100

 Warm-up progress:   [###>------------------------------------] 7% 0.053s Warm-up progress:   [######>---------------------------------] 15% 0.107s Warm-up progress:   [#########>------------------------------] 23% 0.161s Warm-up progress:   [############>---------------------------] 31% 0.215s Warm-up progress:   [###############>------------------------] 39% 0.269s Warm-up progress:   [##################>---------------------] 46% 0.323s Warm-up progress:   [#####################>------------------] 54% 0.377s Warm-up progress:   [#########################>--------------] 62% 0.43s Warm-up progress:   [############################>-----------] 70% 0.485s Warm-up progress:   [###############################>--------] 78% 0.538s Warm-up progress:   [##################################>-----] 85% 0.592s Warm-up progress:   [#####################################>--] 93% 0.646s Warm-up progress:   [########################################] 100% 0.69s
 Measuring progress: [########>-------------------------------] 20% 0.291s Measuring progress: [################>-----------------------] 40% 0.584s Measuring progress: [########################>---------------] 60% 0.878s Measuring progress: [################################>-------] 80% 1.171s Measuring progress: [########################################] 100% 1.465s Measuring progress: [########################################] 100% 1.518s

 The simulation finished in 2.21 s. 

 Maximum of equal-time wrap error :  2.06235e-11

 Maximum of dynamical wrap error :   6.19493e-12

              Double Occupancy   ->   0.377863770046 pm 0.003679655746
                Kinetic energy   ->  -1.313390348733 pm 0.003506842545
              Electron density   ->   0.036585956586 pm 0.000580949524
     Local density correlation   ->   0.251774959043 pm 0.001234525569
    Anti ferromagnetism factor   ->   0.006230877485 pm 0.000026025817
            Average sign (abs)   ->   1.000000000000 pm 0.000000000000
